<?xml version="1.0" encoding="UTF-8"?>
<!-- Generated by org.testng.reporters.JUnitXMLReporter -->
<testsuite ignored="0" hostname="Rashmi" failures="0" tests="7" name="TestA" time="212.286" errors="0" timestamp="14 Nov 2018 06:19:01 GMT">
  <testcase classname="com.qa.hubspot.tests.HomePageTest" name="verifyHomePageTitleTest" time="13.761"/>
  <testcase classname="com.qa.hubspot.tests.LoginTest" name="verifyLogibPageTitleTest" time="0.018"/>
  <testcase classname="com.qa.hubspot.tests.HomePageTest" name="verifyHomePageHeader" time="20.417"/>
  <testcase classname="com.qa.hubspot.tests.LoginTest" name="verifyForgotPasswordLinkTest" time="0.082"/>
  <testcase classname="com.qa.hubspot.tests.HomePageTest" name="verifyCorrectLoggedInAccountNameTest" time="16.083"/>
  <testcase classname="com.qa.hubspot.tests.LoginTest" name="loginTest" time="0.706"/>
  <testcase classname="com.qa.hubspot.tests.LoginTest" name="verifySignUpLinkTest" time="0.056"/>
</testsuite> <!-- TestA -->
